<?xml version="1.0" encoding="UTF-8"?>
<!-- Generated by org.testng.reporters.JUnitReportReporter -->
<testsuite hostname="DESKTOP-CL25R4D" failures="0" tests="1" name="com.w2a.testcases.AddCustomerTest" time="0.935" errors="0" timestamp="2022-11-22T22:01:59 IST" skipped="0">
  <testcase classname="com.w2a.testcases.AddCustomerTest" name="addCustomer" time="0.935"/>
  <system-out/>
</testsuite> <!-- com.w2a.testcases.AddCustomerTest -->
