<?xml version="1.0" encoding="UTF-8"?>
<!-- Generated by org.testng.reporters.JUnitReportReporter -->
<testsuite hostname="DESKTOP-CL25R4D" failures="0" tests="1" name="com.w2a.testcases.LoginTest" time="3.161" errors="0" timestamp="2022-11-20T20:28:56 IST" skipped="0">
  <testcase classname="com.w2a.testcases.LoginTest" name="loginAsBankManager" time="3.161"/>
  <system-out/>
</testsuite> <!-- com.w2a.testcases.LoginTest -->
